{"name": "test_scan_qr_from_gallery[android-mega]", "status": "broken", "statusDetails": {"message": "selenium.common.exceptions.TimeoutException: Message: \nStacktrace:\nNoSuchElementError: An element could not be located on the page using the given search parameters.\n    at AndroidUiautomator2Driver.findElOrEls (/Users/a00059362/.appium/node_modules/appium-uiautomator2-driver/node_modules/appium-android-driver/lib/commands/find.ts:86:11)\n    at processTicksAndRejections (node:internal/process/task_queues:95:5)\n    at AndroidUiautomator2Driver.findElOrElsWithProcessing (/usr/local/lib/node_modules/appium/node_modules/@appium/base-driver/lib/basedriver/commands/find.ts:60:12)\n    at AndroidUiautomator2Driver.findElement (/usr/local/lib/node_modules/appium/node_modules/@appium/base-driver/lib/basedriver/commands/find.ts:75:12)", "trace": "tests/test_payment.py:28: in test_scan_qr_from_gallery\n    scanner.tap_upload_from_gallery()\nscreens/scanner.py:10: in tap_upload_from_gallery\n    self.click_element(gallery_locator)\nscreens/base_screen.py:34: in click_element\n    element = self.wait.until(EC.element_to_be_clickable(target))\n              ^^^^^^^^^^^^^^^^^^^^^^^^^^^^^^^^^^^^^^^^^^^^^^^^^^^\n.venv/lib/python3.13/site-packages/selenium/webdriver/support/wait.py:138: in until\n    raise TimeoutException(message, screen, stacktrace)\nE   selenium.common.exceptions.TimeoutException: Message: \nE   Stacktrace:\nE   NoSuchElementError: An element could not be located on the page using the given search parameters.\nE       at AndroidUiautomator2Driver.findElOrEls (/Users/a00059362/.appium/node_modules/appium-uiautomator2-driver/node_modules/appium-android-driver/lib/commands/find.ts:86:11)\nE       at processTicksAndRejections (node:internal/process/task_queues:95:5)\nE       at AndroidUiautomator2Driver.findElOrElsWithProcessing (/usr/local/lib/node_modules/appium/node_modules/@appium/base-driver/lib/basedriver/commands/find.ts:60:12)\nE       at AndroidUiautomator2Driver.findElement (/usr/local/lib/node_modules/appium/node_modules/@appium/base-driver/lib/basedriver/commands/find.ts:75:12)"}, "steps": [{"name": "Открыть QR-сканер", "status": "passed", "start": 1760010817120, "stop": 1760010838361}, {"name": "Загрузить QR из галереи", "status": "broken", "statusDetails": {"message": "selenium.common.exceptions.TimeoutException: Message: \nStacktrace:\nNoSuchElementError: An element could not be located on the page using the given search parameters.\n    at AndroidUiautomator2Driver.findElOrEls (/Users/a00059362/.appium/node_modules/appium-uiautomator2-driver/node_modules/appium-android-driver/lib/commands/find.ts:86:11)\n    at processTicksAndRejections (node:internal/process/task_queues:95:5)\n    at AndroidUiautomator2Driver.findElOrElsWithProcessing (/usr/local/lib/node_modules/appium/node_modules/@appium/base-driver/lib/basedriver/commands/find.ts:60:12)\n    at AndroidUiautomator2Driver.findElement (/usr/local/lib/node_modules/appium/node_modules/@appium/base-driver/lib/basedriver/commands/find.ts:75:12)\n", "trace": "  File \"/Users/a00059362/Desktop/Новая папка/onlineduken/tests/test_payment.py\", line 28, in test_scan_qr_from_gallery\n    scanner.tap_upload_from_gallery()\n    ~~~~~~~~~~~~~~~~~~~~~~~~~~~~~~~^^\n  File \"/Users/a00059362/Desktop/Новая папка/onlineduken/screens/scanner.py\", line 10, in tap_upload_from_gallery\n    self.click_element(gallery_locator)\n    ~~~~~~~~~~~~~~~~~~^^^^^^^^^^^^^^^^^\n  File \"/Users/a00059362/Desktop/Новая папка/onlineduken/screens/base_screen.py\", line 34, in click_element\n    element = self.wait.until(EC.element_to_be_clickable(target))\n  File \"/Users/a00059362/Desktop/Новая папка/onlineduken/.venv/lib/python3.13/site-packages/selenium/webdriver/support/wait.py\", line 138, in until\n    raise TimeoutException(message, screen, stacktrace)\n"}, "start": 1760010838361, "stop": 1760010866190}], "attachments": [{"name": "stdout", "source": "acbc637b-feee-414d-a765-1920f044061a-attachment.txt", "type": "text/plain"}, {"name": "stderr", "source": "dded3d50-7929-41cc-9695-7f8704f41eb7-attachment.txt", "type": "text/plain"}], "parameters": [{"name": "multi_platform", "value": "'android'"}, {"name": "kind", "value": "'megapolis'"}], "start": 1760010817119, "stop": 1760010866204, "uuid": "8a78caa2-cd3a-4375-a8d1-6e9bd8499714", "historyId": "fe895b4a7a34f9ebea16d781ad66dd5e", "testCaseId": "3a8fda734f5c3a89b1bde67c70d66d43", "fullName": "tests.test_payment#test_scan_qr_from_gallery", "labels": [{"name": "parentSuite", "value": "tests"}, {"name": "suite", "value": "test_payment"}, {"name": "host", "value": "MacBook-Pro-00059362.local"}, {"name": "thread", "value": "3301-MainThread"}, {"name": "framework", "value": "pytest"}, {"name": "language", "value": "cpython3"}, {"name": "package", "value": "tests.test_payment"}], "titlePath": ["tests", "test_payment.py"]}